Removed Pin From Net: NetName=D3 Pin=328-1
Removed Pin From Net: NetName=D4 Pin=328-2
Removed Pin From Net: NetName=GND Pin=328-3
Removed Pin From Net: NetName=5V Pin=328-4
Removed Pin From Net: NetName=GND Pin=328-5
Removed Pin From Net: NetName=5V Pin=328-6
Removed Pin From Net: NetName=NetATmega328-AU_7 Pin=328-7
Removed Pin From Net: NetName=NetATmega328-AU_8 Pin=328-8
Removed Pin From Net: NetName=D5 Pin=328-9
Removed Pin From Net: NetName=D6 Pin=328-10
Removed Pin From Net: NetName=D7 Pin=328-11
Removed Pin From Net: NetName=D8 Pin=328-12
Removed Pin From Net: NetName=D9 Pin=328-13
Removed Pin From Net: NetName=D10 Pin=328-14
Removed Pin From Net: NetName=D11 / MOSI Pin=328-15
Removed Pin From Net: NetName=D12 / MISO Pin=328-16
Removed Pin From Net: NetName=D13 / SCK Pin=328-17
Removed Pin From Net: NetName=5V Pin=328-18
Removed Pin From Net: NetName=A6 Pin=328-19
Removed Pin From Net: NetName=AREF Pin=328-20
Removed Pin From Net: NetName=GND Pin=328-21
Removed Pin From Net: NetName=A7 Pin=328-22
Removed Pin From Net: NetName=A0 Pin=328-23
Removed Pin From Net: NetName=A1 Pin=328-24
Removed Pin From Net: NetName=A2 Pin=328-25
Removed Pin From Net: NetName=A3 Pin=328-26
Removed Pin From Net: NetName=A4 Pin=328-27
Removed Pin From Net: NetName=A5 Pin=328-28
Removed Pin From Net: NetName=RESET Pin=328-29
Removed Pin From Net: NetName=D0 / Rx Pin=328-30
Removed Pin From Net: NetName=D1 / Tx Pin=328-31
Removed Pin From Net: NetName=D2 Pin=328-32
Removed Member From Class: ClassName=Sheet1 Member=328
Added Component: Designator=ATmega328-AU(32A_L)
Add Pin To Net: Unknown Pin: Pin ATmega328-AU-1
Add Pin To Net: Unknown Pin: Pin ATmega328-AU-2
Add Pin To Net: Unknown Pin: Pin ATmega328-AU-3
Add Pin To Net: Unknown Pin: Pin ATmega328-AU-4
Add Pin To Net: Unknown Pin: Pin ATmega328-AU-5
Add Pin To Net: Unknown Pin: Pin ATmega328-AU-6
Add Pin To Net: Unknown Pin: Pin ATmega328-AU-7
Add Pin To Net: Unknown Pin: Pin ATmega328-AU-8
Add Pin To Net: Unknown Pin: Pin ATmega328-AU-9
Add Pin To Net: Unknown Pin: Pin ATmega328-AU-10
Add Pin To Net: Unknown Pin: Pin ATmega328-AU-11
Add Pin To Net: Unknown Pin: Pin ATmega328-AU-12
Add Pin To Net: Unknown Pin: Pin ATmega328-AU-13
Add Pin To Net: Unknown Pin: Pin ATmega328-AU-14
Add Pin To Net: Unknown Pin: Pin ATmega328-AU-15
Add Pin To Net: Unknown Pin: Pin ATmega328-AU-16
Add Pin To Net: Unknown Pin: Pin ATmega328-AU-17
Add Pin To Net: Unknown Pin: Pin ATmega328-AU-18
Add Pin To Net: Unknown Pin: Pin ATmega328-AU-19
Add Pin To Net: Unknown Pin: Pin ATmega328-AU-20
Add Pin To Net: Unknown Pin: Pin ATmega328-AU-21
Add Pin To Net: Unknown Pin: Pin ATmega328-AU-22
Add Pin To Net: Unknown Pin: Pin ATmega328-AU-23
Add Pin To Net: Unknown Pin: Pin ATmega328-AU-24
Add Pin To Net: Unknown Pin: Pin ATmega328-AU-25
Add Pin To Net: Unknown Pin: Pin ATmega328-AU-26
Add Pin To Net: Unknown Pin: Pin ATmega328-AU-27
Add Pin To Net: Unknown Pin: Pin ATmega328-AU-28
Add Pin To Net: Unknown Pin: Pin ATmega328-AU-29
Add Pin To Net: Unknown Pin: Pin ATmega328-AU-30
Add Pin To Net: Unknown Pin: Pin ATmega328-AU-31
Add Pin To Net: Unknown Pin: Pin ATmega328-AU-32
Change Class Name : Old Net Name=Sheet1 New Net Name=Sheet_A1
Add Class Member: Failed to add class member : Component ATmega328-AU
