Added Component: Designator=C10(CAP0805)
Added Component: Designator=C11(CAP0805)
Added Component: Designator=C12(CAP0805)
Added Component: Designator=R8(RES0805)
Added Component: Designator=R9(RES0805)
Added Component: Designator=R10(RES0805)
Added Component: Designator=R11(RES0805)
Added Component: Designator=R12(RES0805)
Added Pin To Net: NetName=GND Pin=C10-1
Added Pin To Net: NetName=3.3V Pin=C10-2
Added Pin To Net: NetName=GND Pin=C11-1
Added Pin To Net: NetName=3.3V Pin=C11-2
Added Pin To Net: NetName=GND Pin=C12-2
Added Pin To Net: NetName=3.3V Pin=R8-2
Added Pin To Net: NetName=3.3V Pin=R9-2
Added Pin To Net: NetName=GND Pin=R10-2
Added Pin To Net: NetName=GND Pin=R11-1
Added Pin To Net: NetName=3.3V Pin=R12-2
Added Pin To Net: NetName=3.3V Pin=U3-1
Added Pin To Net: NetName=3.3V Pin=U3-8
Added Pin To Net: NetName=3.3V Pin=U3-13
Added Pin To Net: NetName=GND Pin=U3-18
Added Pin To Net: NetName=GND Pin=U3-20
Added Pin To Net: NetName=NetC12_1 Pin=C12-1
Added Pin To Net: NetName=NetC12_1 Pin=U3-10
Added Net: Name=NetC12_1
Added Pin To Net: NetName=NetR8_1 Pin=R8-1
Added Pin To Net: NetName=NetR8_1 Pin=U3-24
Added Net: Name=NetR8_1
Added Pin To Net: NetName=NetR9_1 Pin=R9-1
Added Pin To Net: NetName=NetR9_1 Pin=U3-23
Added Net: Name=NetR9_1
Added Pin To Net: NetName=NetR10_1 Pin=R10-1
Added Pin To Net: NetName=NetR10_1 Pin=U3-9
Added Net: Name=NetR10_1
Added Pin To Net: NetName=NetR11_2 Pin=R11-2
Added Pin To Net: NetName=NetR11_2 Pin=U3-11
Added Net: Name=NetR11_2
Added Pin To Net: NetName=NetR12_1 Pin=R12-1
Added Pin To Net: NetName=NetR12_1 Pin=U3-22
Added Net: Name=NetR12_1
Added Member To Class: ClassName=Sheet1 Member=Component C10 0.01uF
Added Member To Class: ClassName=Sheet1 Member=Component C11 0.1uF
Added Member To Class: ClassName=Sheet1 Member=Component C12 0.1uF
Added Member To Class: ClassName=Sheet1 Member=Component R8 10k
Added Member To Class: ClassName=Sheet1 Member=Component R9 10k
Added Member To Class: ClassName=Sheet1 Member=Component R10 10k
Added Member To Class: ClassName=Sheet1 Member=Component R11 10k
Added Member To Class: ClassName=Sheet1 Member=Component R12 10k
